<?xml version="1.0" encoding="UTF-8"?>
<!-- Generated by org.testng.reporters.JUnitXMLReporter -->
<testsuite ignored="0" hostname="DESKTOP-88A36IA" failures="0" tests="5" name="Default test" time="51.487" errors="0" timestamp="2023-05-30T10:34:54 IST">
  <testcase classname="dynamicScreenShot.ActitimrDataProvider" name="loginInvalid" time="6.755"/>
  <testcase classname="dynamicScreenShot.ActitimrDataProvider" name="loginInvalid" time="6.687"/>
  <testcase classname="dynamicScreenShot.ActitimrDataProvider" name="loginInvalid" time="6.633"/>
  <testcase classname="dynamicScreenShot.ActitimrDataProvider" name="loginInvalid" time="6.694"/>
  <testcase classname="dynamicScreenShot.ActitimrDataProvider" name="loginInvalid" time="6.642"/>
</testsuite> <!-- Default test -->
