<?xml version="1.0" encoding="UTF-8"?>
<testng-results ignored="0" total="5" passed="5" failed="0" skipped="0">
  <reporter-output>
  </reporter-output>
  <suite started-at="2023-05-30T10:34:02 IST" name="Default suite" finished-at="2023-05-30T10:34:54 IST" duration-ms="51487">
    <groups>
    </groups>
    <test started-at="2023-05-30T10:34:02 IST" name="Default test" finished-at="2023-05-30T10:34:54 IST" duration-ms="51487">
      <class name="dynamicScreenShot.ActitimrDataProvider">
        <test-method is-config="true" signature="property()[pri:0, instance:dynamicScreenShot.ActitimrDataProvider@3d5c822d]" started-at="2023-05-30T10:34:02 IST" name="property" finished-at="2023-05-30T10:34:02 IST" duration-ms="14" status="PASS">
          <reporter-output>
          </reporter-output>
        </test-method> <!-- property -->
        <test-method is-config="true" signature="setUp()[pri:0, instance:dynamicScreenShot.ActitimrDataProvider@3d5c822d]" started-at="2023-05-30T10:34:02 IST" name="setUp" finished-at="2023-05-30T10:34:07 IST" duration-ms="4459" status="PASS">
          <reporter-output>
          </reporter-output>
        </test-method> <!-- setUp -->
        <test-method signature="loginInvalid(java.lang.String,java.lang.String)[pri:0, instance:dynamicScreenShot.ActitimrDataProvider@3d5c822d]" started-at="2023-05-30T10:34:07 IST" name="loginInvalid" data-provider="testActitime" finished-at="2023-05-30T10:34:14 IST" duration-ms="6755" status="PASS">
          <params>
            <param index="0">
              <value>
                <![CDATA[Admi&n]]>
              </value>
            </param>
            <param index="1">
              <value>
                <![CDATA[manag&er]]>
              </value>
            </param>
          </params>
          <reporter-output>
          </reporter-output>
        </test-method> <!-- loginInvalid -->
        <test-method is-config="true" signature="setUp()[pri:0, instance:dynamicScreenShot.ActitimrDataProvider@3d5c822d]" started-at="2023-05-30T10:34:14 IST" name="setUp" finished-at="2023-05-30T10:34:17 IST" duration-ms="3010" status="PASS">
          <reporter-output>
          </reporter-output>
        </test-method> <!-- setUp -->
        <test-method signature="loginInvalid(java.lang.String,java.lang.String)[pri:0, instance:dynamicScreenShot.ActitimrDataProvider@3d5c822d]" started-at="2023-05-30T10:34:17 IST" name="loginInvalid" data-provider="testActitime" finished-at="2023-05-30T10:34:23 IST" duration-ms="6687" status="PASS">
          <params>
            <param index="0">
              <value>
                <![CDATA[Admin123]]>
              </value>
            </param>
            <param index="1">
              <value>
                <![CDATA[manager123]]>
              </value>
            </param>
          </params>
          <reporter-output>
          </reporter-output>
        </test-method> <!-- loginInvalid -->
        <test-method is-config="true" signature="setUp()[pri:0, instance:dynamicScreenShot.ActitimrDataProvider@3d5c822d]" started-at="2023-05-30T10:34:23 IST" name="setUp" finished-at="2023-05-30T10:34:27 IST" duration-ms="3348" status="PASS">
          <reporter-output>
          </reporter-output>
        </test-method> <!-- setUp -->
        <test-method signature="loginInvalid(java.lang.String,java.lang.String)[pri:0, instance:dynamicScreenShot.ActitimrDataProvider@3d5c822d]" started-at="2023-05-30T10:34:27 IST" name="loginInvalid" data-provider="testActitime" finished-at="2023-05-30T10:34:33 IST" duration-ms="6633" status="PASS">
          <params>
            <param index="0">
              <value>
                <![CDATA[Ad@min]]>
              </value>
            </param>
            <param index="1">
              <value>
                <![CDATA[mana@ger]]>
              </value>
            </param>
          </params>
          <reporter-output>
          </reporter-output>
        </test-method> <!-- loginInvalid -->
        <test-method is-config="true" signature="setUp()[pri:0, instance:dynamicScreenShot.ActitimrDataProvider@3d5c822d]" started-at="2023-05-30T10:34:33 IST" name="setUp" finished-at="2023-05-30T10:34:37 IST" duration-ms="3843" status="PASS">
          <reporter-output>
          </reporter-output>
        </test-method> <!-- setUp -->
        <test-method signature="loginInvalid(java.lang.String,java.lang.String)[pri:0, instance:dynamicScreenShot.ActitimrDataProvider@3d5c822d]" started-at="2023-05-30T10:34:37 IST" name="loginInvalid" data-provider="testActitime" finished-at="2023-05-30T10:34:44 IST" duration-ms="6694" status="PASS">
          <params>
            <param index="0">
              <value>
                <![CDATA[Ad_min]]>
              </value>
            </param>
            <param index="1">
              <value>
                <![CDATA[mana_ger]]>
              </value>
            </param>
          </params>
          <reporter-output>
          </reporter-output>
        </test-method> <!-- loginInvalid -->
        <test-method is-config="true" signature="setUp()[pri:0, instance:dynamicScreenShot.ActitimrDataProvider@3d5c822d]" started-at="2023-05-30T10:34:44 IST" name="setUp" finished-at="2023-05-30T10:34:47 IST" duration-ms="3325" status="PASS">
          <reporter-output>
          </reporter-output>
        </test-method> <!-- setUp -->
        <test-method signature="loginInvalid(java.lang.String,java.lang.String)[pri:0, instance:dynamicScreenShot.ActitimrDataProvider@3d5c822d]" started-at="2023-05-30T10:34:47 IST" name="loginInvalid" data-provider="testActitime" finished-at="2023-05-30T10:34:54 IST" duration-ms="6642" status="PASS">
          <params>
            <param index="0">
              <value>
                <![CDATA[manager]]>
              </value>
            </param>
            <param index="1">
              <value>
                <![CDATA[Admin]]>
              </value>
            </param>
          </params>
          <reporter-output>
          </reporter-output>
        </test-method> <!-- loginInvalid -->
      </class> <!-- dynamicScreenShot.ActitimrDataProvider -->
    </test> <!-- Default test -->
  </suite> <!-- Default suite -->
</testng-results>
